<?xml version="1.0" encoding="UTF-8"?>
<!-- Generated by org.testng.reporters.JUnitReportReporter -->
<testsuite hostname="Deetshanas-MacBook-Pro-2.local" failures="0" tests="1" name="selenium.Juiceshop_Register" time="62.648" errors="0" timestamp="2023-12-01T09:40:52 PST" skipped="0">
  <testcase classname="selenium.Juiceshop_Register" name="login" time="62.648"/>
</testsuite> <!-- selenium.Juiceshop_Register -->
